[1.050s] Invoking command in '/home/chohs/bev_ws/src/bev_package': PYTHONPATH=/home/chohs/bev_ws/build/bev_package/prefix_override:/home/chohs/bev_ws/install/bev_package/lib/python3.8/site-packages:${PYTHONPATH} /usr/bin/python3 setup.py egg_info --egg-base ../../build/bev_package build --build-base /home/chohs/bev_ws/build/bev_package/build install --record /home/chohs/bev_ws/build/bev_package/install.log --install-scripts $base/lib/bev_package --single-version-externally-managed
[1.255s] running egg_info
[1.256s] writing ../../build/bev_package/bev_package.egg-info/PKG-INFO
[1.256s] writing dependency_links to ../../build/bev_package/bev_package.egg-info/dependency_links.txt
[1.256s] writing entry points to ../../build/bev_package/bev_package.egg-info/entry_points.txt
[1.256s] writing requirements to ../../build/bev_package/bev_package.egg-info/requires.txt
[1.256s] writing top-level names to ../../build/bev_package/bev_package.egg-info/top_level.txt
[1.289s] reading manifest file '../../build/bev_package/bev_package.egg-info/SOURCES.txt'
[1.290s] writing manifest file '../../build/bev_package/bev_package.egg-info/SOURCES.txt'
[1.290s] running build
[1.290s] running build_py
[1.290s] copying bev_package/bev_node.py -> /home/chohs/bev_ws/build/bev_package/build/lib/bev_package
[1.291s] running install
[1.291s] running install_lib
[1.292s] copying /home/chohs/bev_ws/build/bev_package/build/lib/bev_package/bev_node.py -> /home/chohs/bev_ws/install/bev_package/lib/python3.8/site-packages/bev_package
[1.293s] byte-compiling /home/chohs/bev_ws/install/bev_package/lib/python3.8/site-packages/bev_package/bev_node.py to bev_node.cpython-38.pyc
[1.294s] running install_data
[1.295s] running install_egg_info
[1.296s] removing '/home/chohs/bev_ws/install/bev_package/lib/python3.8/site-packages/bev_package-0.0.0-py3.8.egg-info' (and everything under it)
[1.296s] Copying ../../build/bev_package/bev_package.egg-info to /home/chohs/bev_ws/install/bev_package/lib/python3.8/site-packages/bev_package-0.0.0-py3.8.egg-info
[1.297s] running install_scripts
[1.315s] Installing bev_node script to /home/chohs/bev_ws/install/bev_package/lib/bev_package
[1.315s] writing list of installed files to '/home/chohs/bev_ws/build/bev_package/install.log'
[1.335s] Invoked command in '/home/chohs/bev_ws/src/bev_package' returned '0': PYTHONPATH=/home/chohs/bev_ws/build/bev_package/prefix_override:/home/chohs/bev_ws/install/bev_package/lib/python3.8/site-packages:${PYTHONPATH} /usr/bin/python3 setup.py egg_info --egg-base ../../build/bev_package build --build-base /home/chohs/bev_ws/build/bev_package/build install --record /home/chohs/bev_ws/build/bev_package/install.log --install-scripts $base/lib/bev_package --single-version-externally-managed
