[2.813s] DEBUG:colcon:Command line arguments: ['/usr/bin/colcon', 'build']
[2.813s] DEBUG:colcon:Parsed command line arguments: Namespace(allow_overriding=[], ament_cmake_args=None, base_paths=['.'], build_base='build', catkin_cmake_args=None, catkin_skip_building_tests=False, cmake_args=None, cmake_clean_cache=False, cmake_clean_first=False, cmake_force_configure=False, cmake_target=None, cmake_target_skip_unavailable=False, continue_on_error=False, event_handlers=None, executor='parallel', ignore_user_meta=False, install_base='install', log_base=None, log_level=None, main=<bound method BuildVerb.main of <colcon_core.verb.build.BuildVerb object at 0x7f73f630f310>>, merge_install=False, metas=['./colcon.meta'], packages_above=None, packages_above_and_dependencies=None, packages_above_depth=None, packages_end=None, packages_ignore=None, packages_ignore_regex=None, packages_select=None, packages_select_build_failed=False, packages_select_by_dep=None, packages_select_regex=None, packages_select_test_failures=False, packages_skip=None, packages_skip_build_finished=False, packages_skip_by_dep=None, packages_skip_regex=None, packages_skip_test_passed=False, packages_skip_up_to=None, packages_start=None, packages_up_to=None, packages_up_to_regex=None, parallel_workers=8, paths=None, symlink_install=False, test_result_base=None, verb_extension=<colcon_core.verb.build.BuildVerb object at 0x7f73f630f310>, verb_name='build', verb_parser=<colcon_defaults.argument_parser.defaults.DefaultArgumentsDecorator object at 0x7f73f630f160>)
[2.923s] Level 1:colcon.colcon_core.package_discovery:discover_packages(colcon_meta) check parameters
[2.924s] Level 1:colcon.colcon_core.package_discovery:discover_packages(recursive) check parameters
[2.924s] Level 1:colcon.colcon_core.package_discovery:discover_packages(ignore) check parameters
[2.924s] Level 1:colcon.colcon_core.package_discovery:discover_packages(path) check parameters
[2.924s] Level 1:colcon.colcon_core.package_discovery:discover_packages(colcon_meta) discover
[2.924s] Level 1:colcon.colcon_core.package_discovery:discover_packages(recursive) discover
[2.924s] INFO:colcon.colcon_core.package_discovery:Crawling recursively for packages in '/home/chohs/bev_ws'
[2.924s] Level 1:colcon.colcon_core.package_identification:_identify(.) by extensions ['ignore', 'ignore_ament_install']
[2.924s] Level 1:colcon.colcon_core.package_identification:_identify(.) by extension 'ignore'
[2.924s] Level 1:colcon.colcon_core.package_identification:_identify(.) by extension 'ignore_ament_install'
[2.924s] Level 1:colcon.colcon_core.package_identification:_identify(.) by extensions ['colcon_pkg']
[2.924s] Level 1:colcon.colcon_core.package_identification:_identify(.) by extension 'colcon_pkg'
[2.924s] Level 1:colcon.colcon_core.package_identification:_identify(.) by extensions ['colcon_meta']
[2.924s] Level 1:colcon.colcon_core.package_identification:_identify(.) by extension 'colcon_meta'
[2.924s] Level 1:colcon.colcon_core.package_identification:_identify(.) by extensions ['ros']
[2.925s] Level 1:colcon.colcon_core.package_identification:_identify(.) by extension 'ros'
[2.939s] Level 1:colcon.colcon_core.package_identification:_identify(.) by extensions ['cmake', 'python']
[2.939s] Level 1:colcon.colcon_core.package_identification:_identify(.) by extension 'cmake'
[2.939s] Level 1:colcon.colcon_core.package_identification:_identify(.) by extension 'python'
[2.940s] Level 1:colcon.colcon_core.package_identification:_identify(.) by extensions ['python_setup_py']
[2.940s] Level 1:colcon.colcon_core.package_identification:_identify(.) by extension 'python_setup_py'
[2.940s] Level 1:colcon.colcon_core.package_identification:_identify(build) by extensions ['ignore', 'ignore_ament_install']
[2.940s] Level 1:colcon.colcon_core.package_identification:_identify(build) by extension 'ignore'
[2.940s] Level 1:colcon.colcon_core.package_identification:_identify(build) ignored
[2.940s] Level 1:colcon.colcon_core.package_identification:_identify(install) by extensions ['ignore', 'ignore_ament_install']
[2.940s] Level 1:colcon.colcon_core.package_identification:_identify(install) by extension 'ignore'
[2.940s] Level 1:colcon.colcon_core.package_identification:_identify(install) ignored
[2.941s] Level 1:colcon.colcon_core.package_identification:_identify(log) by extensions ['ignore', 'ignore_ament_install']
[2.941s] Level 1:colcon.colcon_core.package_identification:_identify(log) by extension 'ignore'
[2.941s] Level 1:colcon.colcon_core.package_identification:_identify(log) ignored
[2.941s] Level 1:colcon.colcon_core.package_identification:_identify(src) by extensions ['ignore', 'ignore_ament_install']
[2.941s] Level 1:colcon.colcon_core.package_identification:_identify(src) by extension 'ignore'
[2.941s] Level 1:colcon.colcon_core.package_identification:_identify(src) by extension 'ignore_ament_install'
[2.941s] Level 1:colcon.colcon_core.package_identification:_identify(src) by extensions ['colcon_pkg']
[2.941s] Level 1:colcon.colcon_core.package_identification:_identify(src) by extension 'colcon_pkg'
[2.941s] Level 1:colcon.colcon_core.package_identification:_identify(src) by extensions ['colcon_meta']
[2.941s] Level 1:colcon.colcon_core.package_identification:_identify(src) by extension 'colcon_meta'
[2.941s] Level 1:colcon.colcon_core.package_identification:_identify(src) by extensions ['ros']
[2.941s] Level 1:colcon.colcon_core.package_identification:_identify(src) by extension 'ros'
[2.941s] Level 1:colcon.colcon_core.package_identification:_identify(src) by extensions ['cmake', 'python']
[2.942s] Level 1:colcon.colcon_core.package_identification:_identify(src) by extension 'cmake'
[2.942s] Level 1:colcon.colcon_core.package_identification:_identify(src) by extension 'python'
[2.942s] Level 1:colcon.colcon_core.package_identification:_identify(src) by extensions ['python_setup_py']
[2.942s] Level 1:colcon.colcon_core.package_identification:_identify(src) by extension 'python_setup_py'
[2.942s] Level 1:colcon.colcon_core.package_identification:_identify(src/bev_package) by extensions ['ignore', 'ignore_ament_install']
[2.942s] Level 1:colcon.colcon_core.package_identification:_identify(src/bev_package) by extension 'ignore'
[2.942s] Level 1:colcon.colcon_core.package_identification:_identify(src/bev_package) by extension 'ignore_ament_install'
[2.942s] Level 1:colcon.colcon_core.package_identification:_identify(src/bev_package) by extensions ['colcon_pkg']
[2.942s] Level 1:colcon.colcon_core.package_identification:_identify(src/bev_package) by extension 'colcon_pkg'
[2.942s] Level 1:colcon.colcon_core.package_identification:_identify(src/bev_package) by extensions ['colcon_meta']
[2.942s] Level 1:colcon.colcon_core.package_identification:_identify(src/bev_package) by extension 'colcon_meta'
[2.942s] Level 1:colcon.colcon_core.package_identification:_identify(src/bev_package) by extensions ['ros']
[2.942s] Level 1:colcon.colcon_core.package_identification:_identify(src/bev_package) by extension 'ros'
[2.945s] DEBUG:colcon.colcon_core.package_identification:Package 'src/bev_package' with type 'ros.ament_python' and name 'bev_package'
[2.945s] Level 1:colcon.colcon_core.package_identification:_identify(src/pano_package) by extensions ['ignore', 'ignore_ament_install']
[2.945s] Level 1:colcon.colcon_core.package_identification:_identify(src/pano_package) by extension 'ignore'
[2.945s] Level 1:colcon.colcon_core.package_identification:_identify(src/pano_package) by extension 'ignore_ament_install'
[2.945s] Level 1:colcon.colcon_core.package_identification:_identify(src/pano_package) by extensions ['colcon_pkg']
[2.945s] Level 1:colcon.colcon_core.package_identification:_identify(src/pano_package) by extension 'colcon_pkg'
[2.945s] Level 1:colcon.colcon_core.package_identification:_identify(src/pano_package) by extensions ['colcon_meta']
[2.945s] Level 1:colcon.colcon_core.package_identification:_identify(src/pano_package) by extension 'colcon_meta'
[2.945s] Level 1:colcon.colcon_core.package_identification:_identify(src/pano_package) by extensions ['ros']
[2.945s] Level 1:colcon.colcon_core.package_identification:_identify(src/pano_package) by extension 'ros'
[2.946s] DEBUG:colcon.colcon_core.package_identification:Package 'src/pano_package' with type 'ros.ament_python' and name 'pano_package'
[2.946s] Level 1:colcon.colcon_core.package_discovery:discover_packages(recursive) using defaults
[2.946s] Level 1:colcon.colcon_core.package_discovery:discover_packages(ignore) discover
[2.946s] Level 1:colcon.colcon_core.package_discovery:discover_packages(ignore) using defaults
[2.946s] Level 1:colcon.colcon_core.package_discovery:discover_packages(path) discover
[2.946s] Level 1:colcon.colcon_core.package_discovery:discover_packages(path) using defaults
[3.246s] Level 1:colcon.colcon_core.package_discovery:discover_packages(prefix_path) check parameters
[3.246s] Level 1:colcon.colcon_core.package_discovery:discover_packages(prefix_path) discover
[3.340s] DEBUG:colcon.colcon_installed_package_information.package_discovery:Found 2 installed packages in /home/chohs/bev_ws/install
[3.387s] DEBUG:colcon.colcon_installed_package_information.package_discovery:Found 263 installed packages in /opt/ros/foxy
[3.388s] Level 1:colcon.colcon_core.package_discovery:discover_packages(prefix_path) using defaults
[3.549s] Level 5:colcon.colcon_core.verb:set package 'bev_package' build argument 'cmake_args' from command line to 'None'
[3.549s] Level 5:colcon.colcon_core.verb:set package 'bev_package' build argument 'cmake_target' from command line to 'None'
[3.549s] Level 5:colcon.colcon_core.verb:set package 'bev_package' build argument 'cmake_target_skip_unavailable' from command line to 'False'
[3.549s] Level 5:colcon.colcon_core.verb:set package 'bev_package' build argument 'cmake_clean_cache' from command line to 'False'
[3.549s] Level 5:colcon.colcon_core.verb:set package 'bev_package' build argument 'cmake_clean_first' from command line to 'False'
[3.549s] Level 5:colcon.colcon_core.verb:set package 'bev_package' build argument 'cmake_force_configure' from command line to 'False'
[3.549s] Level 5:colcon.colcon_core.verb:set package 'bev_package' build argument 'ament_cmake_args' from command line to 'None'
[3.549s] Level 5:colcon.colcon_core.verb:set package 'bev_package' build argument 'catkin_cmake_args' from command line to 'None'
[3.549s] Level 5:colcon.colcon_core.verb:set package 'bev_package' build argument 'catkin_skip_building_tests' from command line to 'False'
[3.549s] DEBUG:colcon.colcon_core.verb:Building package 'bev_package' with the following arguments: {'ament_cmake_args': None, 'build_base': '/home/chohs/bev_ws/build/bev_package', 'catkin_cmake_args': None, 'catkin_skip_building_tests': False, 'cmake_args': None, 'cmake_clean_cache': False, 'cmake_clean_first': False, 'cmake_force_configure': False, 'cmake_target': None, 'cmake_target_skip_unavailable': False, 'install_base': '/home/chohs/bev_ws/install/bev_package', 'merge_install': False, 'path': '/home/chohs/bev_ws/src/bev_package', 'symlink_install': False, 'test_result_base': None}
[3.593s] Level 5:colcon.colcon_core.verb:set package 'pano_package' build argument 'cmake_args' from command line to 'None'
[3.593s] Level 5:colcon.colcon_core.verb:set package 'pano_package' build argument 'cmake_target' from command line to 'None'
[3.593s] Level 5:colcon.colcon_core.verb:set package 'pano_package' build argument 'cmake_target_skip_unavailable' from command line to 'False'
[3.593s] Level 5:colcon.colcon_core.verb:set package 'pano_package' build argument 'cmake_clean_cache' from command line to 'False'
[3.593s] Level 5:colcon.colcon_core.verb:set package 'pano_package' build argument 'cmake_clean_first' from command line to 'False'
[3.593s] Level 5:colcon.colcon_core.verb:set package 'pano_package' build argument 'cmake_force_configure' from command line to 'False'
[3.593s] Level 5:colcon.colcon_core.verb:set package 'pano_package' build argument 'ament_cmake_args' from command line to 'None'
[3.593s] Level 5:colcon.colcon_core.verb:set package 'pano_package' build argument 'catkin_cmake_args' from command line to 'None'
[3.593s] Level 5:colcon.colcon_core.verb:set package 'pano_package' build argument 'catkin_skip_building_tests' from command line to 'False'
[3.593s] DEBUG:colcon.colcon_core.verb:Building package 'pano_package' with the following arguments: {'ament_cmake_args': None, 'build_base': '/home/chohs/bev_ws/build/pano_package', 'catkin_cmake_args': None, 'catkin_skip_building_tests': False, 'cmake_args': None, 'cmake_clean_cache': False, 'cmake_clean_first': False, 'cmake_force_configure': False, 'cmake_target': None, 'cmake_target_skip_unavailable': False, 'install_base': '/home/chohs/bev_ws/install/pano_package', 'merge_install': False, 'path': '/home/chohs/bev_ws/src/pano_package', 'symlink_install': False, 'test_result_base': None}
[3.636s] INFO:colcon.colcon_core.executor:Executing jobs using 'parallel' executor
[3.684s] DEBUG:colcon.colcon_parallel_executor.executor.parallel:run_until_complete
[3.685s] INFO:colcon.colcon_ros.task.ament_python.build:Building ROS package in '/home/chohs/bev_ws/src/bev_package' with build type 'ament_python'
[3.685s] Level 1:colcon.colcon_core.shell:create_environment_hook('bev_package', 'ament_prefix_path')
[3.752s] INFO:colcon.colcon_core.plugin_system:Skipping extension 'colcon_core.shell.bat': Not used on non-Windows systems
[3.752s] INFO:colcon.colcon_core.shell:Creating environment hook '/home/chohs/bev_ws/install/bev_package/share/bev_package/hook/ament_prefix_path.ps1'
[3.753s] INFO:colcon.colcon_core.shell:Creating environment descriptor '/home/chohs/bev_ws/install/bev_package/share/bev_package/hook/ament_prefix_path.dsv'
[3.753s] INFO:colcon.colcon_core.shell:Creating environment hook '/home/chohs/bev_ws/install/bev_package/share/bev_package/hook/ament_prefix_path.sh'
[3.794s] INFO:colcon.colcon_core.shell:Skip shell extension 'powershell' for command environment: Not usable outside of PowerShell
[3.794s] DEBUG:colcon.colcon_core.shell:Skip shell extension 'dsv' for command environment
[3.931s] INFO:colcon.colcon_ros.task.ament_python.build:Building ROS package in '/home/chohs/bev_ws/src/pano_package' with build type 'ament_python'
[3.932s] Level 1:colcon.colcon_core.shell:create_environment_hook('pano_package', 'ament_prefix_path')
[3.981s] INFO:colcon.colcon_core.shell:Creating environment hook '/home/chohs/bev_ws/install/pano_package/share/pano_package/hook/ament_prefix_path.ps1'
[3.981s] INFO:colcon.colcon_core.shell:Creating environment descriptor '/home/chohs/bev_ws/install/pano_package/share/pano_package/hook/ament_prefix_path.dsv'
[3.982s] INFO:colcon.colcon_core.shell:Creating environment hook '/home/chohs/bev_ws/install/pano_package/share/pano_package/hook/ament_prefix_path.sh'
[4.025s] INFO:colcon.colcon_core.shell:Skip shell extension 'powershell' for command environment: Not usable outside of PowerShell
[4.026s] DEBUG:colcon.colcon_core.shell:Skip shell extension 'dsv' for command environment
[4.440s] INFO:colcon.colcon_core.task.python.build:Building Python package in '/home/chohs/bev_ws/src/bev_package'
[4.495s] INFO:colcon.colcon_core.shell:Skip shell extension 'powershell' for command environment: Not usable outside of PowerShell
[4.495s] DEBUG:colcon.colcon_core.shell:Skip shell extension 'dsv' for command environment
[4.903s] INFO:colcon.colcon_core.task.python.build:Building Python package in '/home/chohs/bev_ws/src/pano_package'
[4.951s] INFO:colcon.colcon_core.shell:Skip shell extension 'powershell' for command environment: Not usable outside of PowerShell
[4.951s] DEBUG:colcon.colcon_core.shell:Skip shell extension 'dsv' for command environment
[5.571s] DEBUG:colcon.colcon_core.event_handler.log_command:Invoking command in '/home/chohs/bev_ws/src/pano_package': PYTHONPATH=/home/chohs/bev_ws/build/pano_package/prefix_override:/home/chohs/bev_ws/install/pano_package/lib/python3.8/site-packages:${PYTHONPATH} /usr/bin/python3 setup.py egg_info --egg-base ../../build/pano_package build --build-base /home/chohs/bev_ws/build/pano_package/build install --record /home/chohs/bev_ws/build/pano_package/install.log --install-scripts $base/lib/pano_package --single-version-externally-managed
[5.656s] DEBUG:colcon.colcon_core.event_handler.log_command:Invoking command in '/home/chohs/bev_ws/src/bev_package': PYTHONPATH=/home/chohs/bev_ws/build/bev_package/prefix_override:/home/chohs/bev_ws/install/bev_package/lib/python3.8/site-packages:${PYTHONPATH} /usr/bin/python3 setup.py egg_info --egg-base ../../build/bev_package build --build-base /home/chohs/bev_ws/build/bev_package/build install --record /home/chohs/bev_ws/build/bev_package/install.log --install-scripts $base/lib/bev_package --single-version-externally-managed
[5.901s] DEBUG:colcon.colcon_core.event_handler.log_command:Invoked command in '/home/chohs/bev_ws/src/pano_package' returned '0': PYTHONPATH=/home/chohs/bev_ws/build/pano_package/prefix_override:/home/chohs/bev_ws/install/pano_package/lib/python3.8/site-packages:${PYTHONPATH} /usr/bin/python3 setup.py egg_info --egg-base ../../build/pano_package build --build-base /home/chohs/bev_ws/build/pano_package/build install --record /home/chohs/bev_ws/build/pano_package/install.log --install-scripts $base/lib/pano_package --single-version-externally-managed
[5.951s] Level 1:colcon.colcon_core.environment:checking '/home/chohs/bev_ws/install/pano_package' for CMake module files
[5.952s] Level 1:colcon.colcon_core.environment:checking '/home/chohs/bev_ws/install/pano_package' for CMake config files
[5.952s] Level 1:colcon.colcon_core.environment:checking '/home/chohs/bev_ws/install/pano_package/lib'
[5.952s] Level 1:colcon.colcon_core.environment:checking '/home/chohs/bev_ws/install/pano_package/bin'
[5.953s] Level 1:colcon.colcon_core.environment:checking '/home/chohs/bev_ws/install/pano_package/lib/pkgconfig/pano_package.pc'
[5.953s] Level 1:colcon.colcon_core.environment:checking '/home/chohs/bev_ws/install/pano_package/lib/python3.8/site-packages'
[5.953s] Level 1:colcon.colcon_core.shell:create_environment_hook('pano_package', 'pythonpath')
[6.015s] INFO:colcon.colcon_core.shell:Creating environment hook '/home/chohs/bev_ws/install/pano_package/share/pano_package/hook/pythonpath.ps1'
[6.015s] INFO:colcon.colcon_core.shell:Creating environment descriptor '/home/chohs/bev_ws/install/pano_package/share/pano_package/hook/pythonpath.dsv'
[6.016s] INFO:colcon.colcon_core.shell:Creating environment hook '/home/chohs/bev_ws/install/pano_package/share/pano_package/hook/pythonpath.sh'
[6.016s] Level 1:colcon.colcon_core.environment:checking '/home/chohs/bev_ws/install/pano_package/bin'
[6.016s] Level 1:colcon.colcon_core.environment:create_environment_scripts_only(pano_package)
[6.060s] INFO:colcon.colcon_core.shell:Creating package script '/home/chohs/bev_ws/install/pano_package/share/pano_package/package.ps1'
[6.060s] INFO:colcon.colcon_core.shell:Creating package descriptor '/home/chohs/bev_ws/install/pano_package/share/pano_package/package.dsv'
[6.061s] INFO:colcon.colcon_core.shell:Creating package script '/home/chohs/bev_ws/install/pano_package/share/pano_package/package.sh'
[6.062s] INFO:colcon.colcon_core.shell:Creating package script '/home/chohs/bev_ws/install/pano_package/share/pano_package/package.bash'
[6.062s] INFO:colcon.colcon_core.shell:Creating package script '/home/chohs/bev_ws/install/pano_package/share/pano_package/package.zsh'
[6.063s] Level 1:colcon.colcon_core.environment:create_file_with_runtime_dependencies(/home/chohs/bev_ws/install/pano_package/share/colcon-core/packages/pano_package)
[6.065s] DEBUG:colcon.colcon_core.event_handler.log_command:Invoked command in '/home/chohs/bev_ws/src/bev_package' returned '0': PYTHONPATH=/home/chohs/bev_ws/build/bev_package/prefix_override:/home/chohs/bev_ws/install/bev_package/lib/python3.8/site-packages:${PYTHONPATH} /usr/bin/python3 setup.py egg_info --egg-base ../../build/bev_package build --build-base /home/chohs/bev_ws/build/bev_package/build install --record /home/chohs/bev_ws/build/bev_package/install.log --install-scripts $base/lib/bev_package --single-version-externally-managed
[6.112s] Level 1:colcon.colcon_core.environment:checking '/home/chohs/bev_ws/install/bev_package' for CMake module files
[6.112s] Level 1:colcon.colcon_core.environment:checking '/home/chohs/bev_ws/install/bev_package' for CMake config files
[6.113s] Level 1:colcon.colcon_core.environment:checking '/home/chohs/bev_ws/install/bev_package/lib'
[6.113s] Level 1:colcon.colcon_core.environment:checking '/home/chohs/bev_ws/install/bev_package/bin'
[6.113s] Level 1:colcon.colcon_core.environment:checking '/home/chohs/bev_ws/install/bev_package/lib/pkgconfig/bev_package.pc'
[6.114s] Level 1:colcon.colcon_core.environment:checking '/home/chohs/bev_ws/install/bev_package/lib/python3.8/site-packages'
[6.114s] Level 1:colcon.colcon_core.shell:create_environment_hook('bev_package', 'pythonpath')
[6.186s] INFO:colcon.colcon_core.shell:Creating environment hook '/home/chohs/bev_ws/install/bev_package/share/bev_package/hook/pythonpath.ps1'
[6.187s] INFO:colcon.colcon_core.shell:Creating environment descriptor '/home/chohs/bev_ws/install/bev_package/share/bev_package/hook/pythonpath.dsv'
[6.187s] INFO:colcon.colcon_core.shell:Creating environment hook '/home/chohs/bev_ws/install/bev_package/share/bev_package/hook/pythonpath.sh'
[6.187s] Level 1:colcon.colcon_core.environment:checking '/home/chohs/bev_ws/install/bev_package/bin'
[6.187s] Level 1:colcon.colcon_core.environment:create_environment_scripts_only(bev_package)
[6.230s] INFO:colcon.colcon_core.shell:Creating package script '/home/chohs/bev_ws/install/bev_package/share/bev_package/package.ps1'
[6.231s] INFO:colcon.colcon_core.shell:Creating package descriptor '/home/chohs/bev_ws/install/bev_package/share/bev_package/package.dsv'
[6.231s] INFO:colcon.colcon_core.shell:Creating package script '/home/chohs/bev_ws/install/bev_package/share/bev_package/package.sh'
[6.232s] INFO:colcon.colcon_core.shell:Creating package script '/home/chohs/bev_ws/install/bev_package/share/bev_package/package.bash'
[6.232s] INFO:colcon.colcon_core.shell:Creating package script '/home/chohs/bev_ws/install/bev_package/share/bev_package/package.zsh'
[6.232s] Level 1:colcon.colcon_core.environment:create_file_with_runtime_dependencies(/home/chohs/bev_ws/install/bev_package/share/colcon-core/packages/bev_package)
[6.232s] DEBUG:colcon.colcon_parallel_executor.executor.parallel:closing loop
[6.233s] DEBUG:colcon.colcon_parallel_executor.executor.parallel:loop closed
[6.233s] DEBUG:colcon.colcon_parallel_executor.executor.parallel:run_until_complete finished with '0'
[6.233s] DEBUG:colcon.colcon_core.event_reactor:joining thread
[6.280s] INFO:colcon.colcon_core.plugin_system:Skipping extension 'colcon_notification.desktop_notification.terminal_notifier': Not used on non-Darwin systems
[6.280s] INFO:colcon.colcon_core.plugin_system:Skipping extension 'colcon_notification.desktop_notification.win32': Not used on non-Windows systems
[6.280s] INFO:colcon.colcon_notification.desktop_notification:Sending desktop notification using 'notify2'
[6.294s] DEBUG:colcon.colcon_core.event_reactor:joined thread
[6.344s] INFO:colcon.colcon_core.shell:Creating prefix script '/home/chohs/bev_ws/install/local_setup.ps1'
[6.346s] INFO:colcon.colcon_core.shell:Creating prefix util module '/home/chohs/bev_ws/install/_local_setup_util_ps1.py'
[6.348s] INFO:colcon.colcon_core.shell:Creating prefix chain script '/home/chohs/bev_ws/install/setup.ps1'
[6.404s] INFO:colcon.colcon_core.shell:Creating prefix script '/home/chohs/bev_ws/install/local_setup.sh'
[6.405s] INFO:colcon.colcon_core.shell:Creating prefix util module '/home/chohs/bev_ws/install/_local_setup_util_sh.py'
[6.405s] INFO:colcon.colcon_core.shell:Creating prefix chain script '/home/chohs/bev_ws/install/setup.sh'
[6.450s] INFO:colcon.colcon_core.shell:Creating prefix script '/home/chohs/bev_ws/install/local_setup.bash'
[6.450s] INFO:colcon.colcon_core.shell:Creating prefix chain script '/home/chohs/bev_ws/install/setup.bash'
[6.491s] INFO:colcon.colcon_core.shell:Creating prefix script '/home/chohs/bev_ws/install/local_setup.zsh'
[6.492s] INFO:colcon.colcon_core.shell:Creating prefix chain script '/home/chohs/bev_ws/install/setup.zsh'
