[1.159s] Invoking command in '/home/chohs/bev_ws/src/bev_package': PYTHONPATH=/home/chohs/bev_ws/build/bev_package/prefix_override:/home/chohs/bev_ws/install/bev_package/lib/python3.8/site-packages:${PYTHONPATH} /usr/bin/python3 setup.py egg_info --egg-base ../../build/bev_package build --build-base /home/chohs/bev_ws/build/bev_package/build install --record /home/chohs/bev_ws/build/bev_package/install.log --install-scripts $base/lib/bev_package --single-version-externally-managed
[1.395s] running egg_info
[1.395s] writing ../../build/bev_package/bev_package.egg-info/PKG-INFO
[1.395s] writing dependency_links to ../../build/bev_package/bev_package.egg-info/dependency_links.txt
[1.395s] writing entry points to ../../build/bev_package/bev_package.egg-info/entry_points.txt
[1.396s] writing requirements to ../../build/bev_package/bev_package.egg-info/requires.txt
[1.396s] writing top-level names to ../../build/bev_package/bev_package.egg-info/top_level.txt
[1.433s] reading manifest file '../../build/bev_package/bev_package.egg-info/SOURCES.txt'
[1.434s] writing manifest file '../../build/bev_package/bev_package.egg-info/SOURCES.txt'
[1.434s] running build
[1.434s] running build_py
[1.434s] copying bev_package/bev_node.py -> /home/chohs/bev_ws/build/bev_package/build/lib/bev_package
[1.434s] running install
[1.435s] running install_lib
[1.437s] copying /home/chohs/bev_ws/build/bev_package/build/lib/bev_package/bev_node.py -> /home/chohs/bev_ws/install/bev_package/lib/python3.8/site-packages/bev_package
[1.437s] byte-compiling /home/chohs/bev_ws/install/bev_package/lib/python3.8/site-packages/bev_package/bev_node.py to bev_node.cpython-38.pyc
[1.438s] running install_data
[1.439s] copying package.xml -> /home/chohs/bev_ws/install/bev_package/share/bev_package
[1.439s] running install_egg_info
[1.441s] removing '/home/chohs/bev_ws/install/bev_package/lib/python3.8/site-packages/bev_package-0.0.0-py3.8.egg-info' (and everything under it)
[1.441s] Copying ../../build/bev_package/bev_package.egg-info to /home/chohs/bev_ws/install/bev_package/lib/python3.8/site-packages/bev_package-0.0.0-py3.8.egg-info
[1.442s] running install_scripts
[1.460s] Installing bev_node script to /home/chohs/bev_ws/install/bev_package/lib/bev_package
[1.460s] writing list of installed files to '/home/chohs/bev_ws/build/bev_package/install.log'
[1.482s] Invoked command in '/home/chohs/bev_ws/src/bev_package' returned '0': PYTHONPATH=/home/chohs/bev_ws/build/bev_package/prefix_override:/home/chohs/bev_ws/install/bev_package/lib/python3.8/site-packages:${PYTHONPATH} /usr/bin/python3 setup.py egg_info --egg-base ../../build/bev_package build --build-base /home/chohs/bev_ws/build/bev_package/build install --record /home/chohs/bev_ws/build/bev_package/install.log --install-scripts $base/lib/bev_package --single-version-externally-managed
