[2.386s] DEBUG:colcon:Command line arguments: ['/usr/bin/colcon', 'build']
[2.386s] DEBUG:colcon:Parsed command line arguments: Namespace(allow_overriding=[], ament_cmake_args=None, base_paths=['.'], build_base='build', catkin_cmake_args=None, catkin_skip_building_tests=False, cmake_args=None, cmake_clean_cache=False, cmake_clean_first=False, cmake_force_configure=False, cmake_target=None, cmake_target_skip_unavailable=False, continue_on_error=False, event_handlers=None, executor='parallel', ignore_user_meta=False, install_base='install', log_base=None, log_level=None, main=<bound method BuildVerb.main of <colcon_core.verb.build.BuildVerb object at 0x7f21ba9cc670>>, merge_install=False, metas=['./colcon.meta'], packages_above=None, packages_above_and_dependencies=None, packages_above_depth=None, packages_end=None, packages_ignore=None, packages_ignore_regex=None, packages_select=None, packages_select_build_failed=False, packages_select_by_dep=None, packages_select_regex=None, packages_select_test_failures=False, packages_skip=None, packages_skip_build_finished=False, packages_skip_by_dep=None, packages_skip_regex=None, packages_skip_test_passed=False, packages_skip_up_to=None, packages_start=None, packages_up_to=None, packages_up_to_regex=None, parallel_workers=8, paths=None, symlink_install=False, test_result_base=None, verb_extension=<colcon_core.verb.build.BuildVerb object at 0x7f21ba9cc670>, verb_name='build', verb_parser=<colcon_defaults.argument_parser.defaults.DefaultArgumentsDecorator object at 0x7f21baa11c40>)
[2.506s] Level 1:colcon.colcon_core.package_discovery:discover_packages(colcon_meta) check parameters
[2.507s] Level 1:colcon.colcon_core.package_discovery:discover_packages(recursive) check parameters
[2.507s] Level 1:colcon.colcon_core.package_discovery:discover_packages(ignore) check parameters
[2.507s] Level 1:colcon.colcon_core.package_discovery:discover_packages(path) check parameters
[2.507s] Level 1:colcon.colcon_core.package_discovery:discover_packages(colcon_meta) discover
[2.507s] Level 1:colcon.colcon_core.package_discovery:discover_packages(recursive) discover
[2.507s] INFO:colcon.colcon_core.package_discovery:Crawling recursively for packages in '/home/chohs/bev_ws/src/bev_package'
[2.507s] Level 1:colcon.colcon_core.package_identification:_identify(.) by extensions ['ignore', 'ignore_ament_install']
[2.507s] Level 1:colcon.colcon_core.package_identification:_identify(.) by extension 'ignore'
[2.507s] Level 1:colcon.colcon_core.package_identification:_identify(.) by extension 'ignore_ament_install'
[2.507s] Level 1:colcon.colcon_core.package_identification:_identify(.) by extensions ['colcon_pkg']
[2.507s] Level 1:colcon.colcon_core.package_identification:_identify(.) by extension 'colcon_pkg'
[2.507s] Level 1:colcon.colcon_core.package_identification:_identify(.) by extensions ['colcon_meta']
[2.507s] Level 1:colcon.colcon_core.package_identification:_identify(.) by extension 'colcon_meta'
[2.507s] Level 1:colcon.colcon_core.package_identification:_identify(.) by extensions ['ros']
[2.507s] Level 1:colcon.colcon_core.package_identification:_identify(.) by extension 'ros'
[2.522s] DEBUG:colcon.colcon_core.package_identification:Package '.' with type 'ros.ament_python' and name 'bev_package'
[2.522s] Level 1:colcon.colcon_core.package_discovery:discover_packages(recursive) using defaults
[2.522s] Level 1:colcon.colcon_core.package_discovery:discover_packages(ignore) discover
[2.523s] Level 1:colcon.colcon_core.package_discovery:discover_packages(ignore) using defaults
[2.523s] Level 1:colcon.colcon_core.package_discovery:discover_packages(path) discover
[2.523s] Level 1:colcon.colcon_core.package_discovery:discover_packages(path) using defaults
[2.761s] Level 1:colcon.colcon_core.package_discovery:discover_packages(prefix_path) check parameters
[2.761s] Level 1:colcon.colcon_core.package_discovery:discover_packages(prefix_path) discover
[2.839s] DEBUG:colcon.colcon_installed_package_information.package_discovery:Found 263 installed packages in /opt/ros/foxy
[2.841s] Level 1:colcon.colcon_core.package_discovery:discover_packages(prefix_path) using defaults
[2.996s] Level 5:colcon.colcon_core.verb:set package 'bev_package' build argument 'cmake_args' from command line to 'None'
[2.996s] Level 5:colcon.colcon_core.verb:set package 'bev_package' build argument 'cmake_target' from command line to 'None'
[2.996s] Level 5:colcon.colcon_core.verb:set package 'bev_package' build argument 'cmake_target_skip_unavailable' from command line to 'False'
[2.996s] Level 5:colcon.colcon_core.verb:set package 'bev_package' build argument 'cmake_clean_cache' from command line to 'False'
[2.996s] Level 5:colcon.colcon_core.verb:set package 'bev_package' build argument 'cmake_clean_first' from command line to 'False'
[2.996s] Level 5:colcon.colcon_core.verb:set package 'bev_package' build argument 'cmake_force_configure' from command line to 'False'
[2.996s] Level 5:colcon.colcon_core.verb:set package 'bev_package' build argument 'ament_cmake_args' from command line to 'None'
[2.996s] Level 5:colcon.colcon_core.verb:set package 'bev_package' build argument 'catkin_cmake_args' from command line to 'None'
[2.996s] Level 5:colcon.colcon_core.verb:set package 'bev_package' build argument 'catkin_skip_building_tests' from command line to 'False'
[2.996s] DEBUG:colcon.colcon_core.verb:Building package 'bev_package' with the following arguments: {'ament_cmake_args': None, 'build_base': '/home/chohs/bev_ws/src/bev_package/build/bev_package', 'catkin_cmake_args': None, 'catkin_skip_building_tests': False, 'cmake_args': None, 'cmake_clean_cache': False, 'cmake_clean_first': False, 'cmake_force_configure': False, 'cmake_target': None, 'cmake_target_skip_unavailable': False, 'install_base': '/home/chohs/bev_ws/src/bev_package/install/bev_package', 'merge_install': False, 'path': '/home/chohs/bev_ws/src/bev_package', 'symlink_install': False, 'test_result_base': None}
[3.040s] INFO:colcon.colcon_core.executor:Executing jobs using 'parallel' executor
[3.093s] DEBUG:colcon.colcon_parallel_executor.executor.parallel:run_until_complete
[3.093s] INFO:colcon.colcon_ros.task.ament_python.build:Building ROS package in '/home/chohs/bev_ws/src/bev_package' with build type 'ament_python'
[3.093s] Level 1:colcon.colcon_core.shell:create_environment_hook('bev_package', 'ament_prefix_path')
[3.139s] INFO:colcon.colcon_core.plugin_system:Skipping extension 'colcon_core.shell.bat': Not used on non-Windows systems
[3.139s] INFO:colcon.colcon_core.shell:Creating environment hook '/home/chohs/bev_ws/src/bev_package/install/bev_package/share/bev_package/hook/ament_prefix_path.ps1'
[3.140s] INFO:colcon.colcon_core.shell:Creating environment descriptor '/home/chohs/bev_ws/src/bev_package/install/bev_package/share/bev_package/hook/ament_prefix_path.dsv'
[3.141s] INFO:colcon.colcon_core.shell:Creating environment hook '/home/chohs/bev_ws/src/bev_package/install/bev_package/share/bev_package/hook/ament_prefix_path.sh'
[3.180s] INFO:colcon.colcon_core.shell:Skip shell extension 'powershell' for command environment: Not usable outside of PowerShell
[3.180s] DEBUG:colcon.colcon_core.shell:Skip shell extension 'dsv' for command environment
[3.513s] INFO:colcon.colcon_core.task.python.build:Building Python package in '/home/chohs/bev_ws/src/bev_package'
[3.567s] INFO:colcon.colcon_core.shell:Skip shell extension 'powershell' for command environment: Not usable outside of PowerShell
[3.567s] DEBUG:colcon.colcon_core.shell:Skip shell extension 'dsv' for command environment
[4.121s] DEBUG:colcon.colcon_core.event_handler.log_command:Invoking command in '/home/chohs/bev_ws/src/bev_package': PYTHONPATH=/home/chohs/bev_ws/src/bev_package/build/bev_package/prefix_override:/home/chohs/bev_ws/src/bev_package/install/bev_package/lib/python3.8/site-packages:${PYTHONPATH} /usr/bin/python3 setup.py egg_info --egg-base build/bev_package build --build-base /home/chohs/bev_ws/src/bev_package/build/bev_package/build install --record /home/chohs/bev_ws/src/bev_package/build/bev_package/install.log --install-scripts $base/lib/bev_package --single-version-externally-managed
[4.398s] DEBUG:colcon.colcon_core.event_handler.log_command:Invoked command in '/home/chohs/bev_ws/src/bev_package' returned '0': PYTHONPATH=/home/chohs/bev_ws/src/bev_package/build/bev_package/prefix_override:/home/chohs/bev_ws/src/bev_package/install/bev_package/lib/python3.8/site-packages:${PYTHONPATH} /usr/bin/python3 setup.py egg_info --egg-base build/bev_package build --build-base /home/chohs/bev_ws/src/bev_package/build/bev_package/build install --record /home/chohs/bev_ws/src/bev_package/build/bev_package/install.log --install-scripts $base/lib/bev_package --single-version-externally-managed
[4.453s] Level 1:colcon.colcon_core.environment:checking '/home/chohs/bev_ws/src/bev_package/install/bev_package' for CMake module files
[4.453s] Level 1:colcon.colcon_core.environment:checking '/home/chohs/bev_ws/src/bev_package/install/bev_package' for CMake config files
[4.454s] Level 1:colcon.colcon_core.environment:checking '/home/chohs/bev_ws/src/bev_package/install/bev_package/lib'
[4.454s] Level 1:colcon.colcon_core.environment:checking '/home/chohs/bev_ws/src/bev_package/install/bev_package/bin'
[4.454s] Level 1:colcon.colcon_core.environment:checking '/home/chohs/bev_ws/src/bev_package/install/bev_package/lib/pkgconfig/bev_package.pc'
[4.454s] Level 1:colcon.colcon_core.environment:checking '/home/chohs/bev_ws/src/bev_package/install/bev_package/lib/python3.8/site-packages'
[4.454s] Level 1:colcon.colcon_core.shell:create_environment_hook('bev_package', 'pythonpath')
[4.495s] INFO:colcon.colcon_core.shell:Creating environment hook '/home/chohs/bev_ws/src/bev_package/install/bev_package/share/bev_package/hook/pythonpath.ps1'
[4.496s] INFO:colcon.colcon_core.shell:Creating environment descriptor '/home/chohs/bev_ws/src/bev_package/install/bev_package/share/bev_package/hook/pythonpath.dsv'
[4.496s] INFO:colcon.colcon_core.shell:Creating environment hook '/home/chohs/bev_ws/src/bev_package/install/bev_package/share/bev_package/hook/pythonpath.sh'
[4.496s] Level 1:colcon.colcon_core.environment:checking '/home/chohs/bev_ws/src/bev_package/install/bev_package/bin'
[4.496s] Level 1:colcon.colcon_core.environment:create_environment_scripts_only(bev_package)
[4.535s] INFO:colcon.colcon_core.shell:Creating package script '/home/chohs/bev_ws/src/bev_package/install/bev_package/share/bev_package/package.ps1'
[4.537s] INFO:colcon.colcon_core.shell:Creating package descriptor '/home/chohs/bev_ws/src/bev_package/install/bev_package/share/bev_package/package.dsv'
[4.538s] INFO:colcon.colcon_core.shell:Creating package script '/home/chohs/bev_ws/src/bev_package/install/bev_package/share/bev_package/package.sh'
[4.539s] INFO:colcon.colcon_core.shell:Creating package script '/home/chohs/bev_ws/src/bev_package/install/bev_package/share/bev_package/package.bash'
[4.540s] INFO:colcon.colcon_core.shell:Creating package script '/home/chohs/bev_ws/src/bev_package/install/bev_package/share/bev_package/package.zsh'
[4.541s] Level 1:colcon.colcon_core.environment:create_file_with_runtime_dependencies(/home/chohs/bev_ws/src/bev_package/install/bev_package/share/colcon-core/packages/bev_package)
[4.541s] DEBUG:colcon.colcon_parallel_executor.executor.parallel:closing loop
[4.542s] DEBUG:colcon.colcon_parallel_executor.executor.parallel:loop closed
[4.542s] DEBUG:colcon.colcon_parallel_executor.executor.parallel:run_until_complete finished with '0'
[4.542s] DEBUG:colcon.colcon_core.event_reactor:joining thread
[4.601s] INFO:colcon.colcon_core.plugin_system:Skipping extension 'colcon_notification.desktop_notification.terminal_notifier': Not used on non-Darwin systems
[4.601s] INFO:colcon.colcon_core.plugin_system:Skipping extension 'colcon_notification.desktop_notification.win32': Not used on non-Windows systems
[4.601s] INFO:colcon.colcon_notification.desktop_notification:Sending desktop notification using 'notify2'
[4.623s] DEBUG:colcon.colcon_core.event_reactor:joined thread
[4.691s] INFO:colcon.colcon_core.shell:Creating prefix script '/home/chohs/bev_ws/src/bev_package/install/local_setup.ps1'
[4.692s] INFO:colcon.colcon_core.shell:Creating prefix util module '/home/chohs/bev_ws/src/bev_package/install/_local_setup_util_ps1.py'
[4.694s] INFO:colcon.colcon_core.shell:Creating prefix chain script '/home/chohs/bev_ws/src/bev_package/install/setup.ps1'
[4.732s] INFO:colcon.colcon_core.shell:Creating prefix script '/home/chohs/bev_ws/src/bev_package/install/local_setup.sh'
[4.733s] INFO:colcon.colcon_core.shell:Creating prefix util module '/home/chohs/bev_ws/src/bev_package/install/_local_setup_util_sh.py'
[4.734s] INFO:colcon.colcon_core.shell:Creating prefix chain script '/home/chohs/bev_ws/src/bev_package/install/setup.sh'
[4.774s] INFO:colcon.colcon_core.shell:Creating prefix script '/home/chohs/bev_ws/src/bev_package/install/local_setup.bash'
[4.775s] INFO:colcon.colcon_core.shell:Creating prefix chain script '/home/chohs/bev_ws/src/bev_package/install/setup.bash'
[4.815s] INFO:colcon.colcon_core.shell:Creating prefix script '/home/chohs/bev_ws/src/bev_package/install/local_setup.zsh'
[4.816s] INFO:colcon.colcon_core.shell:Creating prefix chain script '/home/chohs/bev_ws/src/bev_package/install/setup.zsh'
