[1.091s] Invoking command in '/home/chohs/bev_ws/src/bev_package': PYTHONPATH=/home/chohs/bev_ws/build/bev_package/prefix_override:/home/chohs/bev_ws/install/bev_package/lib/python3.8/site-packages:${PYTHONPATH} /usr/bin/python3 setup.py egg_info --egg-base ../../build/bev_package build --build-base /home/chohs/bev_ws/build/bev_package/build install --record /home/chohs/bev_ws/build/bev_package/install.log --install-scripts $base/lib/bev_package --single-version-externally-managed
[1.303s] running egg_info
[1.304s] writing ../../build/bev_package/bev_package.egg-info/PKG-INFO
[1.304s] writing dependency_links to ../../build/bev_package/bev_package.egg-info/dependency_links.txt
[1.304s] writing entry points to ../../build/bev_package/bev_package.egg-info/entry_points.txt
[1.304s] writing requirements to ../../build/bev_package/bev_package.egg-info/requires.txt
[1.304s] writing top-level names to ../../build/bev_package/bev_package.egg-info/top_level.txt
[1.337s] reading manifest file '../../build/bev_package/bev_package.egg-info/SOURCES.txt'
[1.338s] writing manifest file '../../build/bev_package/bev_package.egg-info/SOURCES.txt'
[1.338s] running build
[1.338s] running build_py
[1.339s] running install
[1.339s] running install_lib
[1.341s] running install_data
[1.341s] creating /home/chohs/bev_ws/install/bev_package/share/bev_package/launch
[1.341s] copying launch/bev_launch.py -> /home/chohs/bev_ws/install/bev_package/share/bev_package/launch
[1.341s] running install_egg_info
[1.343s] removing '/home/chohs/bev_ws/install/bev_package/lib/python3.8/site-packages/bev_package-0.0.0-py3.8.egg-info' (and everything under it)
[1.343s] Copying ../../build/bev_package/bev_package.egg-info to /home/chohs/bev_ws/install/bev_package/lib/python3.8/site-packages/bev_package-0.0.0-py3.8.egg-info
[1.344s] running install_scripts
[1.360s] Installing bev_node script to /home/chohs/bev_ws/install/bev_package/lib/bev_package
[1.361s] writing list of installed files to '/home/chohs/bev_ws/build/bev_package/install.log'
[1.379s] Invoked command in '/home/chohs/bev_ws/src/bev_package' returned '0': PYTHONPATH=/home/chohs/bev_ws/build/bev_package/prefix_override:/home/chohs/bev_ws/install/bev_package/lib/python3.8/site-packages:${PYTHONPATH} /usr/bin/python3 setup.py egg_info --egg-base ../../build/bev_package build --build-base /home/chohs/bev_ws/build/bev_package/build install --record /home/chohs/bev_ws/build/bev_package/install.log --install-scripts $base/lib/bev_package --single-version-externally-managed
