running egg_info
writing ../../build/pano_package/pano_package.egg-info/PKG-INFO
writing dependency_links to ../../build/pano_package/pano_package.egg-info/dependency_links.txt
writing entry points to ../../build/pano_package/pano_package.egg-info/entry_points.txt
writing requirements to ../../build/pano_package/pano_package.egg-info/requires.txt
writing top-level names to ../../build/pano_package/pano_package.egg-info/top_level.txt
reading manifest file '../../build/pano_package/pano_package.egg-info/SOURCES.txt'
writing manifest file '../../build/pano_package/pano_package.egg-info/SOURCES.txt'
running build
running build_py
copying pano_package/panoramic_img_node.py -> /home/chohs/bev_ws/build/pano_package/build/lib/pano_package
running install
running install_lib
copying /home/chohs/bev_ws/build/pano_package/build/lib/pano_package/panoramic_img_node.py -> /home/chohs/bev_ws/install/pano_package/lib/python3.8/site-packages/pano_package
byte-compiling /home/chohs/bev_ws/install/pano_package/lib/python3.8/site-packages/pano_package/panoramic_img_node.py to panoramic_img_node.cpython-38.pyc
Sorry: IndentationError: unexpected indent (panoramic_img_node.py, line 65)
running install_data
running install_egg_info
removing '/home/chohs/bev_ws/install/pano_package/lib/python3.8/site-packages/pano_package-0.0.0-py3.8.egg-info' (and everything under it)
Copying ../../build/pano_package/pano_package.egg-info to /home/chohs/bev_ws/install/pano_package/lib/python3.8/site-packages/pano_package-0.0.0-py3.8.egg-info
running install_scripts
Installing panoramic_img_node script to /home/chohs/bev_ws/install/pano_package/lib/pano_package
writing list of installed files to '/home/chohs/bev_ws/build/pano_package/install.log'
