[1.735s] Invoking command in '/home/chohs/bev_ws/src/pano_package': PYTHONPATH=/home/chohs/bev_ws/build/pano_package/prefix_override:/home/chohs/bev_ws/install/pano_package/lib/python3.8/site-packages:${PYTHONPATH} /usr/bin/python3 setup.py egg_info --egg-base ../../build/pano_package build --build-base /home/chohs/bev_ws/build/pano_package/build install --record /home/chohs/bev_ws/build/pano_package/install.log --install-scripts $base/lib/pano_package --single-version-externally-managed
[2.091s] running egg_info
[2.092s] writing ../../build/pano_package/pano_package.egg-info/PKG-INFO
[2.092s] writing dependency_links to ../../build/pano_package/pano_package.egg-info/dependency_links.txt
[2.092s] writing entry points to ../../build/pano_package/pano_package.egg-info/entry_points.txt
[2.092s] writing requirements to ../../build/pano_package/pano_package.egg-info/requires.txt
[2.092s] writing top-level names to ../../build/pano_package/pano_package.egg-info/top_level.txt
[2.150s] reading manifest file '../../build/pano_package/pano_package.egg-info/SOURCES.txt'
[2.151s] writing manifest file '../../build/pano_package/pano_package.egg-info/SOURCES.txt'
[2.151s] running build
[2.151s] running build_py
[2.151s] copying pano_package/panoramic_img_node.py -> /home/chohs/bev_ws/build/pano_package/build/lib/pano_package
[2.152s] running install
[2.153s] running install_lib
[2.154s] copying /home/chohs/bev_ws/build/pano_package/build/lib/pano_package/panoramic_img_node.py -> /home/chohs/bev_ws/install/pano_package/lib/python3.8/site-packages/pano_package
[2.155s] byte-compiling /home/chohs/bev_ws/install/pano_package/lib/python3.8/site-packages/pano_package/panoramic_img_node.py to panoramic_img_node.cpython-38.pyc
[2.158s] running install_data
[2.159s] running install_egg_info
[2.161s] removing '/home/chohs/bev_ws/install/pano_package/lib/python3.8/site-packages/pano_package-0.0.0-py3.8.egg-info' (and everything under it)
[2.162s] Copying ../../build/pano_package/pano_package.egg-info to /home/chohs/bev_ws/install/pano_package/lib/python3.8/site-packages/pano_package-0.0.0-py3.8.egg-info
[2.163s] running install_scripts
[2.190s] Installing panoramic_img_node script to /home/chohs/bev_ws/install/pano_package/lib/pano_package
[2.191s] writing list of installed files to '/home/chohs/bev_ws/build/pano_package/install.log'
[2.222s] Invoked command in '/home/chohs/bev_ws/src/pano_package' returned '0': PYTHONPATH=/home/chohs/bev_ws/build/pano_package/prefix_override:/home/chohs/bev_ws/install/pano_package/lib/python3.8/site-packages:${PYTHONPATH} /usr/bin/python3 setup.py egg_info --egg-base ../../build/pano_package build --build-base /home/chohs/bev_ws/build/pano_package/build install --record /home/chohs/bev_ws/build/pano_package/install.log --install-scripts $base/lib/pano_package --single-version-externally-managed
