[1.574s] Invoking command in '/home/chohs/bev_ws/src/pano_package': PYTHONPATH=/home/chohs/bev_ws/build/pano_package/prefix_override:/home/chohs/bev_ws/install/pano_package/lib/python3.8/site-packages:${PYTHONPATH} /usr/bin/python3 setup.py egg_info --egg-base ../../build/pano_package build --build-base /home/chohs/bev_ws/build/pano_package/build install --record /home/chohs/bev_ws/build/pano_package/install.log --install-scripts $base/lib/pano_package --single-version-externally-managed
[1.803s] running egg_info
[1.804s] writing ../../build/pano_package/pano_package.egg-info/PKG-INFO
[1.804s] writing dependency_links to ../../build/pano_package/pano_package.egg-info/dependency_links.txt
[1.804s] writing entry points to ../../build/pano_package/pano_package.egg-info/entry_points.txt
[1.805s] writing requirements to ../../build/pano_package/pano_package.egg-info/requires.txt
[1.805s] writing top-level names to ../../build/pano_package/pano_package.egg-info/top_level.txt
[1.839s] reading manifest file '../../build/pano_package/pano_package.egg-info/SOURCES.txt'
[1.840s] writing manifest file '../../build/pano_package/pano_package.egg-info/SOURCES.txt'
[1.840s] running build
[1.840s] running build_py
[1.841s] copying pano_package/panoramic_img_node.py -> /home/chohs/bev_ws/build/pano_package/build/lib/pano_package
[1.841s] running install
[1.841s] running install_lib
[1.841s] copying /home/chohs/bev_ws/build/pano_package/build/lib/pano_package/panoramic_img_node.py -> /home/chohs/bev_ws/install/pano_package/lib/python3.8/site-packages/pano_package
[1.842s] byte-compiling /home/chohs/bev_ws/install/pano_package/lib/python3.8/site-packages/pano_package/panoramic_img_node.py to panoramic_img_node.cpython-38.pyc
[1.844s] running install_data
[1.844s] running install_egg_info
[1.846s] removing '/home/chohs/bev_ws/install/pano_package/lib/python3.8/site-packages/pano_package-0.0.0-py3.8.egg-info' (and everything under it)
[1.847s] Copying ../../build/pano_package/pano_package.egg-info to /home/chohs/bev_ws/install/pano_package/lib/python3.8/site-packages/pano_package-0.0.0-py3.8.egg-info
[1.849s] running install_scripts
[1.864s] Installing panoramic_img_node script to /home/chohs/bev_ws/install/pano_package/lib/pano_package
[1.864s] writing list of installed files to '/home/chohs/bev_ws/build/pano_package/install.log'
[1.992s] Invoked command in '/home/chohs/bev_ws/src/pano_package' returned '0': PYTHONPATH=/home/chohs/bev_ws/build/pano_package/prefix_override:/home/chohs/bev_ws/install/pano_package/lib/python3.8/site-packages:${PYTHONPATH} /usr/bin/python3 setup.py egg_info --egg-base ../../build/pano_package build --build-base /home/chohs/bev_ws/build/pano_package/build install --record /home/chohs/bev_ws/build/pano_package/install.log --install-scripts $base/lib/pano_package --single-version-externally-managed
