running egg_info
creating ../../build/bev_package/bev_package.egg-info
writing ../../build/bev_package/bev_package.egg-info/PKG-INFO
writing dependency_links to ../../build/bev_package/bev_package.egg-info/dependency_links.txt
writing entry points to ../../build/bev_package/bev_package.egg-info/entry_points.txt
writing requirements to ../../build/bev_package/bev_package.egg-info/requires.txt
writing top-level names to ../../build/bev_package/bev_package.egg-info/top_level.txt
writing manifest file '../../build/bev_package/bev_package.egg-info/SOURCES.txt'
reading manifest file '../../build/bev_package/bev_package.egg-info/SOURCES.txt'
writing manifest file '../../build/bev_package/bev_package.egg-info/SOURCES.txt'
running build
running build_py
creating /home/chohs/bev_ws/build/bev_package/build
creating /home/chohs/bev_ws/build/bev_package/build/lib
creating /home/chohs/bev_ws/build/bev_package/build/lib/bev_package
copying bev_package/__init__.py -> /home/chohs/bev_ws/build/bev_package/build/lib/bev_package
running install
running install_lib
creating /home/chohs/bev_ws/install/bev_package/lib/python3.8/site-packages/bev_package
copying /home/chohs/bev_ws/build/bev_package/build/lib/bev_package/__init__.py -> /home/chohs/bev_ws/install/bev_package/lib/python3.8/site-packages/bev_package
byte-compiling /home/chohs/bev_ws/install/bev_package/lib/python3.8/site-packages/bev_package/__init__.py to __init__.cpython-38.pyc
running install_data
creating /home/chohs/bev_ws/install/bev_package/share/ament_index
creating /home/chohs/bev_ws/install/bev_package/share/ament_index/resource_index
creating /home/chohs/bev_ws/install/bev_package/share/ament_index/resource_index/packages
copying resource/bev_package -> /home/chohs/bev_ws/install/bev_package/share/ament_index/resource_index/packages
copying package.xml -> /home/chohs/bev_ws/install/bev_package/share/bev_package
running install_egg_info
Copying ../../build/bev_package/bev_package.egg-info to /home/chohs/bev_ws/install/bev_package/lib/python3.8/site-packages/bev_package-0.0.0-py3.8.egg-info
running install_scripts
writing list of installed files to '/home/chohs/bev_ws/build/bev_package/install.log'
