[1.140s] Invoking command in '/home/chohs/bev_ws/src/bev_package': PYTHONPATH=/home/chohs/bev_ws/build/bev_package/prefix_override:/home/chohs/bev_ws/install/bev_package/lib/python3.8/site-packages:${PYTHONPATH} /usr/bin/python3 setup.py egg_info --egg-base ../../build/bev_package build --build-base /home/chohs/bev_ws/build/bev_package/build install --record /home/chohs/bev_ws/build/bev_package/install.log --install-scripts $base/lib/bev_package --single-version-externally-managed
[1.363s] running egg_info
[1.364s] creating ../../build/bev_package/bev_package.egg-info
[1.364s] writing ../../build/bev_package/bev_package.egg-info/PKG-INFO
[1.364s] writing dependency_links to ../../build/bev_package/bev_package.egg-info/dependency_links.txt
[1.364s] writing entry points to ../../build/bev_package/bev_package.egg-info/entry_points.txt
[1.364s] writing requirements to ../../build/bev_package/bev_package.egg-info/requires.txt
[1.364s] writing top-level names to ../../build/bev_package/bev_package.egg-info/top_level.txt
[1.367s] writing manifest file '../../build/bev_package/bev_package.egg-info/SOURCES.txt'
[1.398s] reading manifest file '../../build/bev_package/bev_package.egg-info/SOURCES.txt'
[1.399s] writing manifest file '../../build/bev_package/bev_package.egg-info/SOURCES.txt'
[1.399s] running build
[1.399s] running build_py
[1.399s] creating /home/chohs/bev_ws/build/bev_package/build
[1.399s] creating /home/chohs/bev_ws/build/bev_package/build/lib
[1.399s] creating /home/chohs/bev_ws/build/bev_package/build/lib/bev_package
[1.399s] copying bev_package/__init__.py -> /home/chohs/bev_ws/build/bev_package/build/lib/bev_package
[1.399s] running install
[1.400s] running install_lib
[1.401s] creating /home/chohs/bev_ws/install/bev_package/lib/python3.8/site-packages/bev_package
[1.401s] copying /home/chohs/bev_ws/build/bev_package/build/lib/bev_package/__init__.py -> /home/chohs/bev_ws/install/bev_package/lib/python3.8/site-packages/bev_package
[1.401s] byte-compiling /home/chohs/bev_ws/install/bev_package/lib/python3.8/site-packages/bev_package/__init__.py to __init__.cpython-38.pyc
[1.402s] running install_data
[1.402s] creating /home/chohs/bev_ws/install/bev_package/share/ament_index
[1.403s] creating /home/chohs/bev_ws/install/bev_package/share/ament_index/resource_index
[1.403s] creating /home/chohs/bev_ws/install/bev_package/share/ament_index/resource_index/packages
[1.403s] copying resource/bev_package -> /home/chohs/bev_ws/install/bev_package/share/ament_index/resource_index/packages
[1.403s] copying package.xml -> /home/chohs/bev_ws/install/bev_package/share/bev_package
[1.403s] running install_egg_info
[1.404s] Copying ../../build/bev_package/bev_package.egg-info to /home/chohs/bev_ws/install/bev_package/lib/python3.8/site-packages/bev_package-0.0.0-py3.8.egg-info
[1.405s] running install_scripts
[1.422s] writing list of installed files to '/home/chohs/bev_ws/build/bev_package/install.log'
[1.441s] Invoked command in '/home/chohs/bev_ws/src/bev_package' returned '0': PYTHONPATH=/home/chohs/bev_ws/build/bev_package/prefix_override:/home/chohs/bev_ws/install/bev_package/lib/python3.8/site-packages:${PYTHONPATH} /usr/bin/python3 setup.py egg_info --egg-base ../../build/bev_package build --build-base /home/chohs/bev_ws/build/bev_package/build install --record /home/chohs/bev_ws/build/bev_package/install.log --install-scripts $base/lib/bev_package --single-version-externally-managed
