[2.432s] DEBUG:colcon:Command line arguments: ['/usr/bin/colcon', 'build']
[2.432s] DEBUG:colcon:Parsed command line arguments: Namespace(allow_overriding=[], ament_cmake_args=None, base_paths=['.'], build_base='build', catkin_cmake_args=None, catkin_skip_building_tests=False, cmake_args=None, cmake_clean_cache=False, cmake_clean_first=False, cmake_force_configure=False, cmake_target=None, cmake_target_skip_unavailable=False, continue_on_error=False, event_handlers=None, executor='parallel', ignore_user_meta=False, install_base='install', log_base=None, log_level=None, main=<bound method BuildVerb.main of <colcon_core.verb.build.BuildVerb object at 0x7f736e622910>>, merge_install=False, metas=['./colcon.meta'], packages_above=None, packages_above_and_dependencies=None, packages_above_depth=None, packages_end=None, packages_ignore=None, packages_ignore_regex=None, packages_select=None, packages_select_build_failed=False, packages_select_by_dep=None, packages_select_regex=None, packages_select_test_failures=False, packages_skip=None, packages_skip_build_finished=False, packages_skip_by_dep=None, packages_skip_regex=None, packages_skip_test_passed=False, packages_skip_up_to=None, packages_start=None, packages_up_to=None, packages_up_to_regex=None, parallel_workers=8, paths=None, symlink_install=False, test_result_base=None, verb_extension=<colcon_core.verb.build.BuildVerb object at 0x7f736e622910>, verb_name='build', verb_parser=<colcon_defaults.argument_parser.defaults.DefaultArgumentsDecorator object at 0x7f736e622790>)
[2.533s] Level 1:colcon.colcon_core.package_discovery:discover_packages(colcon_meta) check parameters
[2.533s] Level 1:colcon.colcon_core.package_discovery:discover_packages(recursive) check parameters
[2.533s] Level 1:colcon.colcon_core.package_discovery:discover_packages(ignore) check parameters
[2.533s] Level 1:colcon.colcon_core.package_discovery:discover_packages(path) check parameters
[2.533s] Level 1:colcon.colcon_core.package_discovery:discover_packages(colcon_meta) discover
[2.533s] Level 1:colcon.colcon_core.package_discovery:discover_packages(recursive) discover
[2.533s] INFO:colcon.colcon_core.package_discovery:Crawling recursively for packages in '/home/chohs/bev_ws'
[2.533s] Level 1:colcon.colcon_core.package_identification:_identify(.) by extensions ['ignore', 'ignore_ament_install']
[2.533s] Level 1:colcon.colcon_core.package_identification:_identify(.) by extension 'ignore'
[2.534s] Level 1:colcon.colcon_core.package_identification:_identify(.) by extension 'ignore_ament_install'
[2.534s] Level 1:colcon.colcon_core.package_identification:_identify(.) by extensions ['colcon_pkg']
[2.534s] Level 1:colcon.colcon_core.package_identification:_identify(.) by extension 'colcon_pkg'
[2.534s] Level 1:colcon.colcon_core.package_identification:_identify(.) by extensions ['colcon_meta']
[2.534s] Level 1:colcon.colcon_core.package_identification:_identify(.) by extension 'colcon_meta'
[2.534s] Level 1:colcon.colcon_core.package_identification:_identify(.) by extensions ['ros']
[2.534s] Level 1:colcon.colcon_core.package_identification:_identify(.) by extension 'ros'
[2.545s] Level 1:colcon.colcon_core.package_identification:_identify(.) by extensions ['cmake', 'python']
[2.545s] Level 1:colcon.colcon_core.package_identification:_identify(.) by extension 'cmake'
[2.545s] Level 1:colcon.colcon_core.package_identification:_identify(.) by extension 'python'
[2.545s] Level 1:colcon.colcon_core.package_identification:_identify(.) by extensions ['python_setup_py']
[2.545s] Level 1:colcon.colcon_core.package_identification:_identify(.) by extension 'python_setup_py'
[2.545s] Level 1:colcon.colcon_core.package_identification:_identify(build) by extensions ['ignore', 'ignore_ament_install']
[2.545s] Level 1:colcon.colcon_core.package_identification:_identify(build) by extension 'ignore'
[2.545s] Level 1:colcon.colcon_core.package_identification:_identify(build) ignored
[2.545s] Level 1:colcon.colcon_core.package_identification:_identify(install) by extensions ['ignore', 'ignore_ament_install']
[2.545s] Level 1:colcon.colcon_core.package_identification:_identify(install) by extension 'ignore'
[2.545s] Level 1:colcon.colcon_core.package_identification:_identify(install) ignored
[2.545s] Level 1:colcon.colcon_core.package_identification:_identify(log) by extensions ['ignore', 'ignore_ament_install']
[2.545s] Level 1:colcon.colcon_core.package_identification:_identify(log) by extension 'ignore'
[2.546s] Level 1:colcon.colcon_core.package_identification:_identify(log) ignored
[2.546s] Level 1:colcon.colcon_core.package_identification:_identify(src) by extensions ['ignore', 'ignore_ament_install']
[2.546s] Level 1:colcon.colcon_core.package_identification:_identify(src) by extension 'ignore'
[2.546s] Level 1:colcon.colcon_core.package_identification:_identify(src) by extension 'ignore_ament_install'
[2.546s] Level 1:colcon.colcon_core.package_identification:_identify(src) by extensions ['colcon_pkg']
[2.546s] Level 1:colcon.colcon_core.package_identification:_identify(src) by extension 'colcon_pkg'
[2.546s] Level 1:colcon.colcon_core.package_identification:_identify(src) by extensions ['colcon_meta']
[2.546s] Level 1:colcon.colcon_core.package_identification:_identify(src) by extension 'colcon_meta'
[2.546s] Level 1:colcon.colcon_core.package_identification:_identify(src) by extensions ['ros']
[2.546s] Level 1:colcon.colcon_core.package_identification:_identify(src) by extension 'ros'
[2.546s] Level 1:colcon.colcon_core.package_identification:_identify(src) by extensions ['cmake', 'python']
[2.546s] Level 1:colcon.colcon_core.package_identification:_identify(src) by extension 'cmake'
[2.546s] Level 1:colcon.colcon_core.package_identification:_identify(src) by extension 'python'
[2.546s] Level 1:colcon.colcon_core.package_identification:_identify(src) by extensions ['python_setup_py']
[2.546s] Level 1:colcon.colcon_core.package_identification:_identify(src) by extension 'python_setup_py'
[2.546s] Level 1:colcon.colcon_core.package_identification:_identify(src/bev_package) by extensions ['ignore', 'ignore_ament_install']
[2.546s] Level 1:colcon.colcon_core.package_identification:_identify(src/bev_package) by extension 'ignore'
[2.546s] Level 1:colcon.colcon_core.package_identification:_identify(src/bev_package) by extension 'ignore_ament_install'
[2.546s] Level 1:colcon.colcon_core.package_identification:_identify(src/bev_package) by extensions ['colcon_pkg']
[2.546s] Level 1:colcon.colcon_core.package_identification:_identify(src/bev_package) by extension 'colcon_pkg'
[2.546s] Level 1:colcon.colcon_core.package_identification:_identify(src/bev_package) by extensions ['colcon_meta']
[2.546s] Level 1:colcon.colcon_core.package_identification:_identify(src/bev_package) by extension 'colcon_meta'
[2.546s] Level 1:colcon.colcon_core.package_identification:_identify(src/bev_package) by extensions ['ros']
[2.546s] Level 1:colcon.colcon_core.package_identification:_identify(src/bev_package) by extension 'ros'
[2.549s] DEBUG:colcon.colcon_core.package_identification:Package 'src/bev_package' with type 'ros.ament_python' and name 'bev_package'
[2.549s] Level 1:colcon.colcon_core.package_discovery:discover_packages(recursive) using defaults
[2.549s] Level 1:colcon.colcon_core.package_discovery:discover_packages(ignore) discover
[2.549s] Level 1:colcon.colcon_core.package_discovery:discover_packages(ignore) using defaults
[2.549s] Level 1:colcon.colcon_core.package_discovery:discover_packages(path) discover
[2.549s] Level 1:colcon.colcon_core.package_discovery:discover_packages(path) using defaults
[2.783s] Level 1:colcon.colcon_core.package_discovery:discover_packages(prefix_path) check parameters
[2.783s] Level 1:colcon.colcon_core.package_discovery:discover_packages(prefix_path) discover
[2.862s] DEBUG:colcon.colcon_installed_package_information.package_discovery:Found 1 installed packages in /home/chohs/bev_ws/install
[2.902s] DEBUG:colcon.colcon_installed_package_information.package_discovery:Found 263 installed packages in /opt/ros/foxy
[2.904s] Level 1:colcon.colcon_core.package_discovery:discover_packages(prefix_path) using defaults
[3.053s] Level 5:colcon.colcon_core.verb:set package 'bev_package' build argument 'cmake_args' from command line to 'None'
[3.053s] Level 5:colcon.colcon_core.verb:set package 'bev_package' build argument 'cmake_target' from command line to 'None'
[3.053s] Level 5:colcon.colcon_core.verb:set package 'bev_package' build argument 'cmake_target_skip_unavailable' from command line to 'False'
[3.053s] Level 5:colcon.colcon_core.verb:set package 'bev_package' build argument 'cmake_clean_cache' from command line to 'False'
[3.053s] Level 5:colcon.colcon_core.verb:set package 'bev_package' build argument 'cmake_clean_first' from command line to 'False'
[3.053s] Level 5:colcon.colcon_core.verb:set package 'bev_package' build argument 'cmake_force_configure' from command line to 'False'
[3.053s] Level 5:colcon.colcon_core.verb:set package 'bev_package' build argument 'ament_cmake_args' from command line to 'None'
[3.053s] Level 5:colcon.colcon_core.verb:set package 'bev_package' build argument 'catkin_cmake_args' from command line to 'None'
[3.053s] Level 5:colcon.colcon_core.verb:set package 'bev_package' build argument 'catkin_skip_building_tests' from command line to 'False'
[3.053s] DEBUG:colcon.colcon_core.verb:Building package 'bev_package' with the following arguments: {'ament_cmake_args': None, 'build_base': '/home/chohs/bev_ws/build/bev_package', 'catkin_cmake_args': None, 'catkin_skip_building_tests': False, 'cmake_args': None, 'cmake_clean_cache': False, 'cmake_clean_first': False, 'cmake_force_configure': False, 'cmake_target': None, 'cmake_target_skip_unavailable': False, 'install_base': '/home/chohs/bev_ws/install/bev_package', 'merge_install': False, 'path': '/home/chohs/bev_ws/src/bev_package', 'symlink_install': False, 'test_result_base': None}
[3.093s] INFO:colcon.colcon_core.executor:Executing jobs using 'parallel' executor
[3.136s] DEBUG:colcon.colcon_parallel_executor.executor.parallel:run_until_complete
[3.136s] INFO:colcon.colcon_ros.task.ament_python.build:Building ROS package in '/home/chohs/bev_ws/src/bev_package' with build type 'ament_python'
[3.136s] Level 1:colcon.colcon_core.shell:create_environment_hook('bev_package', 'ament_prefix_path')
[3.182s] INFO:colcon.colcon_core.plugin_system:Skipping extension 'colcon_core.shell.bat': Not used on non-Windows systems
[3.182s] INFO:colcon.colcon_core.shell:Creating environment hook '/home/chohs/bev_ws/install/bev_package/share/bev_package/hook/ament_prefix_path.ps1'
[3.183s] INFO:colcon.colcon_core.shell:Creating environment descriptor '/home/chohs/bev_ws/install/bev_package/share/bev_package/hook/ament_prefix_path.dsv'
[3.183s] INFO:colcon.colcon_core.shell:Creating environment hook '/home/chohs/bev_ws/install/bev_package/share/bev_package/hook/ament_prefix_path.sh'
[3.226s] INFO:colcon.colcon_core.shell:Skip shell extension 'powershell' for command environment: Not usable outside of PowerShell
[3.226s] DEBUG:colcon.colcon_core.shell:Skip shell extension 'dsv' for command environment
[3.622s] INFO:colcon.colcon_core.task.python.build:Building Python package in '/home/chohs/bev_ws/src/bev_package'
[3.672s] INFO:colcon.colcon_core.shell:Skip shell extension 'powershell' for command environment: Not usable outside of PowerShell
[3.672s] DEBUG:colcon.colcon_core.shell:Skip shell extension 'dsv' for command environment
[4.238s] DEBUG:colcon.colcon_core.event_handler.log_command:Invoking command in '/home/chohs/bev_ws/src/bev_package': PYTHONPATH=/home/chohs/bev_ws/build/bev_package/prefix_override:/home/chohs/bev_ws/install/bev_package/lib/python3.8/site-packages:${PYTHONPATH} /usr/bin/python3 setup.py egg_info --egg-base ../../build/bev_package build --build-base /home/chohs/bev_ws/build/bev_package/build install --record /home/chohs/bev_ws/build/bev_package/install.log --install-scripts $base/lib/bev_package --single-version-externally-managed
[4.551s] DEBUG:colcon.colcon_core.event_handler.log_command:Invoked command in '/home/chohs/bev_ws/src/bev_package' returned '0': PYTHONPATH=/home/chohs/bev_ws/build/bev_package/prefix_override:/home/chohs/bev_ws/install/bev_package/lib/python3.8/site-packages:${PYTHONPATH} /usr/bin/python3 setup.py egg_info --egg-base ../../build/bev_package build --build-base /home/chohs/bev_ws/build/bev_package/build install --record /home/chohs/bev_ws/build/bev_package/install.log --install-scripts $base/lib/bev_package --single-version-externally-managed
[4.597s] Level 1:colcon.colcon_core.environment:checking '/home/chohs/bev_ws/install/bev_package' for CMake module files
[4.597s] Level 1:colcon.colcon_core.environment:checking '/home/chohs/bev_ws/install/bev_package' for CMake config files
[4.598s] Level 1:colcon.colcon_core.environment:checking '/home/chohs/bev_ws/install/bev_package/lib'
[4.599s] Level 1:colcon.colcon_core.environment:checking '/home/chohs/bev_ws/install/bev_package/bin'
[4.599s] Level 1:colcon.colcon_core.environment:checking '/home/chohs/bev_ws/install/bev_package/lib/pkgconfig/bev_package.pc'
[4.599s] Level 1:colcon.colcon_core.environment:checking '/home/chohs/bev_ws/install/bev_package/lib/python3.8/site-packages'
[4.599s] Level 1:colcon.colcon_core.shell:create_environment_hook('bev_package', 'pythonpath')
[4.640s] INFO:colcon.colcon_core.shell:Creating environment hook '/home/chohs/bev_ws/install/bev_package/share/bev_package/hook/pythonpath.ps1'
[4.640s] INFO:colcon.colcon_core.shell:Creating environment descriptor '/home/chohs/bev_ws/install/bev_package/share/bev_package/hook/pythonpath.dsv'
[4.641s] INFO:colcon.colcon_core.shell:Creating environment hook '/home/chohs/bev_ws/install/bev_package/share/bev_package/hook/pythonpath.sh'
[4.641s] Level 1:colcon.colcon_core.environment:checking '/home/chohs/bev_ws/install/bev_package/bin'
[4.641s] Level 1:colcon.colcon_core.environment:create_environment_scripts_only(bev_package)
[4.685s] INFO:colcon.colcon_core.shell:Creating package script '/home/chohs/bev_ws/install/bev_package/share/bev_package/package.ps1'
[4.686s] INFO:colcon.colcon_core.shell:Creating package descriptor '/home/chohs/bev_ws/install/bev_package/share/bev_package/package.dsv'
[4.686s] INFO:colcon.colcon_core.shell:Creating package script '/home/chohs/bev_ws/install/bev_package/share/bev_package/package.sh'
[4.687s] INFO:colcon.colcon_core.shell:Creating package script '/home/chohs/bev_ws/install/bev_package/share/bev_package/package.bash'
[4.688s] INFO:colcon.colcon_core.shell:Creating package script '/home/chohs/bev_ws/install/bev_package/share/bev_package/package.zsh'
[4.689s] Level 1:colcon.colcon_core.environment:create_file_with_runtime_dependencies(/home/chohs/bev_ws/install/bev_package/share/colcon-core/packages/bev_package)
[4.689s] DEBUG:colcon.colcon_parallel_executor.executor.parallel:closing loop
[4.689s] DEBUG:colcon.colcon_parallel_executor.executor.parallel:loop closed
[4.689s] DEBUG:colcon.colcon_parallel_executor.executor.parallel:run_until_complete finished with '0'
[4.689s] DEBUG:colcon.colcon_core.event_reactor:joining thread
[4.736s] INFO:colcon.colcon_core.plugin_system:Skipping extension 'colcon_notification.desktop_notification.terminal_notifier': Not used on non-Darwin systems
[4.736s] INFO:colcon.colcon_core.plugin_system:Skipping extension 'colcon_notification.desktop_notification.win32': Not used on non-Windows systems
[4.736s] INFO:colcon.colcon_notification.desktop_notification:Sending desktop notification using 'notify2'
[4.750s] DEBUG:colcon.colcon_core.event_reactor:joined thread
[4.808s] INFO:colcon.colcon_core.shell:Creating prefix script '/home/chohs/bev_ws/install/local_setup.ps1'
[4.809s] INFO:colcon.colcon_core.shell:Creating prefix util module '/home/chohs/bev_ws/install/_local_setup_util_ps1.py'
[4.810s] INFO:colcon.colcon_core.shell:Creating prefix chain script '/home/chohs/bev_ws/install/setup.ps1'
[4.864s] INFO:colcon.colcon_core.shell:Creating prefix script '/home/chohs/bev_ws/install/local_setup.sh'
[4.864s] INFO:colcon.colcon_core.shell:Creating prefix util module '/home/chohs/bev_ws/install/_local_setup_util_sh.py'
[4.865s] INFO:colcon.colcon_core.shell:Creating prefix chain script '/home/chohs/bev_ws/install/setup.sh'
[4.909s] INFO:colcon.colcon_core.shell:Creating prefix script '/home/chohs/bev_ws/install/local_setup.bash'
[4.910s] INFO:colcon.colcon_core.shell:Creating prefix chain script '/home/chohs/bev_ws/install/setup.bash'
[4.953s] INFO:colcon.colcon_core.shell:Creating prefix script '/home/chohs/bev_ws/install/local_setup.zsh'
[4.953s] INFO:colcon.colcon_core.shell:Creating prefix chain script '/home/chohs/bev_ws/install/setup.zsh'
