[1.639s] Invoking command in '/home/chohs/bev_ws/src/pano_package': PYTHONPATH=/home/chohs/bev_ws/build/pano_package/prefix_override:/home/chohs/bev_ws/install/pano_package/lib/python3.8/site-packages:${PYTHONPATH} /usr/bin/python3 setup.py egg_info --egg-base ../../build/pano_package build --build-base /home/chohs/bev_ws/build/pano_package/build install --record /home/chohs/bev_ws/build/pano_package/install.log --install-scripts $base/lib/pano_package --single-version-externally-managed
[1.885s] running egg_info
[1.885s] writing ../../build/pano_package/pano_package.egg-info/PKG-INFO
[1.886s] writing dependency_links to ../../build/pano_package/pano_package.egg-info/dependency_links.txt
[1.886s] writing entry points to ../../build/pano_package/pano_package.egg-info/entry_points.txt
[1.886s] writing requirements to ../../build/pano_package/pano_package.egg-info/requires.txt
[1.886s] writing top-level names to ../../build/pano_package/pano_package.egg-info/top_level.txt
[1.923s] reading manifest file '../../build/pano_package/pano_package.egg-info/SOURCES.txt'
[1.923s] writing manifest file '../../build/pano_package/pano_package.egg-info/SOURCES.txt'
[1.924s] running build
[1.924s] running build_py
[1.924s] copying pano_package/panoramic_img_node.py -> /home/chohs/bev_ws/build/pano_package/build/lib/pano_package
[1.924s] running install
[1.924s] running install_lib
[1.925s] copying /home/chohs/bev_ws/build/pano_package/build/lib/pano_package/panoramic_img_node.py -> /home/chohs/bev_ws/install/pano_package/lib/python3.8/site-packages/pano_package
[1.926s] byte-compiling /home/chohs/bev_ws/install/pano_package/lib/python3.8/site-packages/pano_package/panoramic_img_node.py to panoramic_img_node.cpython-38.pyc
[1.927s] running install_data
[1.928s] running install_egg_info
[1.929s] removing '/home/chohs/bev_ws/install/pano_package/lib/python3.8/site-packages/pano_package-0.0.0-py3.8.egg-info' (and everything under it)
[1.930s] Copying ../../build/pano_package/pano_package.egg-info to /home/chohs/bev_ws/install/pano_package/lib/python3.8/site-packages/pano_package-0.0.0-py3.8.egg-info
[1.930s] running install_scripts
[1.948s] Installing panoramic_img_node script to /home/chohs/bev_ws/install/pano_package/lib/pano_package
[1.948s] writing list of installed files to '/home/chohs/bev_ws/build/pano_package/install.log'
[1.969s] Invoked command in '/home/chohs/bev_ws/src/pano_package' returned '0': PYTHONPATH=/home/chohs/bev_ws/build/pano_package/prefix_override:/home/chohs/bev_ws/install/pano_package/lib/python3.8/site-packages:${PYTHONPATH} /usr/bin/python3 setup.py egg_info --egg-base ../../build/pano_package build --build-base /home/chohs/bev_ws/build/pano_package/build install --record /home/chohs/bev_ws/build/pano_package/install.log --install-scripts $base/lib/pano_package --single-version-externally-managed
