[1.409s] Invoking command in '/home/chohs/bev_ws/src/pano_package': PYTHONPATH=/home/chohs/bev_ws/build/pano_package/prefix_override:/home/chohs/bev_ws/install/pano_package/lib/python3.8/site-packages:${PYTHONPATH} /usr/bin/python3 setup.py egg_info --egg-base ../../build/pano_package build --build-base /home/chohs/bev_ws/build/pano_package/build install --record /home/chohs/bev_ws/build/pano_package/install.log --install-scripts $base/lib/pano_package --single-version-externally-managed
[1.610s] running egg_info
[1.610s] creating ../../build/pano_package/pano_package.egg-info
[1.610s] writing ../../build/pano_package/pano_package.egg-info/PKG-INFO
[1.610s] writing dependency_links to ../../build/pano_package/pano_package.egg-info/dependency_links.txt
[1.610s] writing entry points to ../../build/pano_package/pano_package.egg-info/entry_points.txt
[1.611s] writing requirements to ../../build/pano_package/pano_package.egg-info/requires.txt
[1.611s] writing top-level names to ../../build/pano_package/pano_package.egg-info/top_level.txt
[1.612s] writing manifest file '../../build/pano_package/pano_package.egg-info/SOURCES.txt'
[1.648s] reading manifest file '../../build/pano_package/pano_package.egg-info/SOURCES.txt'
[1.648s] writing manifest file '../../build/pano_package/pano_package.egg-info/SOURCES.txt'
[1.648s] running build
[1.649s] running build_py
[1.649s] creating /home/chohs/bev_ws/build/pano_package/build
[1.649s] creating /home/chohs/bev_ws/build/pano_package/build/lib
[1.649s] creating /home/chohs/bev_ws/build/pano_package/build/lib/pano_package
[1.649s] copying pano_package/__init__.py -> /home/chohs/bev_ws/build/pano_package/build/lib/pano_package
[1.649s] copying pano_package/panoramic_img_node.py -> /home/chohs/bev_ws/build/pano_package/build/lib/pano_package
[1.649s] running install
[1.650s] running install_lib
[1.651s] creating /home/chohs/bev_ws/install/pano_package/lib/python3.8/site-packages/pano_package
[1.651s] copying /home/chohs/bev_ws/build/pano_package/build/lib/pano_package/__init__.py -> /home/chohs/bev_ws/install/pano_package/lib/python3.8/site-packages/pano_package
[1.651s] copying /home/chohs/bev_ws/build/pano_package/build/lib/pano_package/panoramic_img_node.py -> /home/chohs/bev_ws/install/pano_package/lib/python3.8/site-packages/pano_package
[1.651s] byte-compiling /home/chohs/bev_ws/install/pano_package/lib/python3.8/site-packages/pano_package/__init__.py to __init__.cpython-38.pyc
[1.652s] byte-compiling /home/chohs/bev_ws/install/pano_package/lib/python3.8/site-packages/pano_package/panoramic_img_node.py to panoramic_img_node.cpython-38.pyc
[1.653s] running install_data
[1.654s] creating /home/chohs/bev_ws/install/pano_package/share/ament_index
[1.654s] creating /home/chohs/bev_ws/install/pano_package/share/ament_index/resource_index
[1.654s] creating /home/chohs/bev_ws/install/pano_package/share/ament_index/resource_index/packages
[1.654s] copying resource/pano_package -> /home/chohs/bev_ws/install/pano_package/share/ament_index/resource_index/packages
[1.654s] copying package.xml -> /home/chohs/bev_ws/install/pano_package/share/pano_package
[1.654s] running install_egg_info
[1.655s] Copying ../../build/pano_package/pano_package.egg-info to /home/chohs/bev_ws/install/pano_package/lib/python3.8/site-packages/pano_package-0.0.0-py3.8.egg-info
[1.656s] running install_scripts
[1.674s] Installing panoramic_img_node script to /home/chohs/bev_ws/install/pano_package/lib/pano_package
[1.674s] writing list of installed files to '/home/chohs/bev_ws/build/pano_package/install.log'
[1.695s] Invoked command in '/home/chohs/bev_ws/src/pano_package' returned '0': PYTHONPATH=/home/chohs/bev_ws/build/pano_package/prefix_override:/home/chohs/bev_ws/install/pano_package/lib/python3.8/site-packages:${PYTHONPATH} /usr/bin/python3 setup.py egg_info --egg-base ../../build/pano_package build --build-base /home/chohs/bev_ws/build/pano_package/build install --record /home/chohs/bev_ws/build/pano_package/install.log --install-scripts $base/lib/pano_package --single-version-externally-managed
