[1.766s] Invoking command in '/home/chohs/bev_ws/src/pano_package': PYTHONPATH=/home/chohs/bev_ws/build/pano_package/prefix_override:/home/chohs/bev_ws/install/pano_package/lib/python3.8/site-packages:${PYTHONPATH} /usr/bin/python3 setup.py egg_info --egg-base ../../build/pano_package build --build-base /home/chohs/bev_ws/build/pano_package/build install --record /home/chohs/bev_ws/build/pano_package/install.log --install-scripts $base/lib/pano_package --single-version-externally-managed
[2.012s] running egg_info
[2.012s] writing ../../build/pano_package/pano_package.egg-info/PKG-INFO
[2.013s] writing dependency_links to ../../build/pano_package/pano_package.egg-info/dependency_links.txt
[2.013s] writing entry points to ../../build/pano_package/pano_package.egg-info/entry_points.txt
[2.013s] writing requirements to ../../build/pano_package/pano_package.egg-info/requires.txt
[2.013s] writing top-level names to ../../build/pano_package/pano_package.egg-info/top_level.txt
[2.050s] reading manifest file '../../build/pano_package/pano_package.egg-info/SOURCES.txt'
[2.051s] writing manifest file '../../build/pano_package/pano_package.egg-info/SOURCES.txt'
[2.051s] running build
[2.051s] running build_py
[2.051s] copying pano_package/panoramic_img_node.py -> /home/chohs/bev_ws/build/pano_package/build/lib/pano_package
[2.051s] running install
[2.052s] running install_lib
[2.053s] copying /home/chohs/bev_ws/build/pano_package/build/lib/pano_package/panoramic_img_node.py -> /home/chohs/bev_ws/install/pano_package/lib/python3.8/site-packages/pano_package
[2.054s] byte-compiling /home/chohs/bev_ws/install/pano_package/lib/python3.8/site-packages/pano_package/panoramic_img_node.py to panoramic_img_node.cpython-38.pyc
[2.056s] running install_data
[2.056s] running install_egg_info
[2.058s] removing '/home/chohs/bev_ws/install/pano_package/lib/python3.8/site-packages/pano_package-0.0.0-py3.8.egg-info' (and everything under it)
[2.058s] Copying ../../build/pano_package/pano_package.egg-info to /home/chohs/bev_ws/install/pano_package/lib/python3.8/site-packages/pano_package-0.0.0-py3.8.egg-info
[2.059s] running install_scripts
[2.079s] Installing panoramic_img_node script to /home/chohs/bev_ws/install/pano_package/lib/pano_package
[2.080s] writing list of installed files to '/home/chohs/bev_ws/build/pano_package/install.log'
[2.253s] Invoked command in '/home/chohs/bev_ws/src/pano_package' returned '0': PYTHONPATH=/home/chohs/bev_ws/build/pano_package/prefix_override:/home/chohs/bev_ws/install/pano_package/lib/python3.8/site-packages:${PYTHONPATH} /usr/bin/python3 setup.py egg_info --egg-base ../../build/pano_package build --build-base /home/chohs/bev_ws/build/pano_package/build install --record /home/chohs/bev_ws/build/pano_package/install.log --install-scripts $base/lib/pano_package --single-version-externally-managed
